<?xml version="1.0" encoding="UTF-8"?>
<!-- Generated by org.testng.reporters.JUnitReportReporter -->
<testsuite hostname="DESKTOP-6PRSILR" failures="0" tests="2" name="First_Automation_Project" time="6.201" errors="1" timestamp="24 Apr 2021 11:48:40 GMT" skipped="1">
  <testcase classname="First_Automation_Project" name="Google_launch" time="0.000">
    <skipped/>
  </testcase> <!-- Google_launch -->
  <testcase classname="First_Automation_Project" name="Before" time="6.201">
    <error message="session not created: This version of ChromeDriver only supports Chrome version 91
Current browser version is 90.0.4430.85 with binary path C:\Users\Admin\AppData\Local\Google\Chrome\Application\chrome.exe
Build info: version: &#039;3.13.0&#039;, revision: &#039;2f0d292&#039;, time: &#039;2018-06-25T15:24:21.231Z&#039;
System info: host: &#039;DESKTOP-6PRSILR&#039;, ip: &#039;192.168.1.101&#039;, os.name: &#039;Windows 10&#039;, os.arch: &#039;amd64&#039;, os.version: &#039;10.0&#039;, java.version: &#039;16&#039;
Driver info: driver.version: ChromeDriver
remote stacktrace: Backtrace:
	Ordinal0 [0x00372DB3+2502067]
	Ordinal0 [0x0030C5B1+2082225]
	Ordinal0 [0x00212498+1057944]
	Ordinal0 [0x002305DA+1181146]
	Ordinal0 [0x0022C43C+1164348]
	Ordinal0 [0x00229C73+1154163]
	Ordinal0 [0x00259A22+1350178]
	Ordinal0 [0x0025967A+1349242]
	Ordinal0 [0x00255BEB+1334251]
	Ordinal0 [0x00232174+1188212]
	Ordinal0 [0x00233009+1191945]
	GetHandleVerifier [0x004EEC5C+1511084]
	GetHandleVerifier [0x00598522+2205554]
	GetHandleVerifier [0x003F3393+480739]
	GetHandleVerifier [0x003F2579+477129]
	Ordinal0 [0x00311E5D+2104925]
	Ordinal0 [0x003163F8+2122744]
	Ordinal0 [0x00316537+2123063]
	Ordinal0 [0x0031EE53+2158163]
	BaseThreadInitThunk [0x74BC38F4+36]
	RtlUnicodeStringToInteger [0x77555DE3+595]
	RtlUnicodeStringToInteger [0x77555DAE+542]
" type="org.openqa.selenium.SessionNotCreatedException">
      <![CDATA[org.openqa.selenium.SessionNotCreatedException: session not created: This version of ChromeDriver only supports Chrome version 91
Current browser version is 90.0.4430.85 with binary path C:\Users\Admin\AppData\Local\Google\Chrome\Application\chrome.exe
Build info: version: '3.13.0', revision: '2f0d292', time: '2018-06-25T15:24:21.231Z'
System info: host: 'DESKTOP-6PRSILR', ip: '192.168.1.101', os.name: 'Windows 10', os.arch: 'amd64', os.version: '10.0', java.version: '16'
Driver info: driver.version: ChromeDriver
remote stacktrace: Backtrace:
Ordinal0 [0x00372DB3+2502067]
Ordinal0 [0x0030C5B1+2082225]
Ordinal0 [0x00212498+1057944]
Ordinal0 [0x002305DA+1181146]
Ordinal0 [0x0022C43C+1164348]
Ordinal0 [0x00229C73+1154163]
Ordinal0 [0x00259A22+1350178]
Ordinal0 [0x0025967A+1349242]
Ordinal0 [0x00255BEB+1334251]
Ordinal0 [0x00232174+1188212]
Ordinal0 [0x00233009+1191945]
GetHandleVerifier [0x004EEC5C+1511084]
GetHandleVerifier [0x00598522+2205554]
GetHandleVerifier [0x003F3393+480739]
GetHandleVerifier [0x003F2579+477129]
Ordinal0 [0x00311E5D+2104925]
Ordinal0 [0x003163F8+2122744]
Ordinal0 [0x00316537+2123063]
Ordinal0 [0x0031EE53+2158163]
BaseThreadInitThunk [0x74BC38F4+36]
RtlUnicodeStringToInteger [0x77555DE3+595]
RtlUnicodeStringToInteger [0x77555DAE+542]

at java.base/jdk.internal.reflect.NativeConstructorAccessorImpl.newInstance0(Native Method)
at java.base/jdk.internal.reflect.NativeConstructorAccessorImpl.newInstance(NativeConstructorAccessorImpl.java:78)
at java.base/jdk.internal.reflect.DelegatingConstructorAccessorImpl.newInstance(DelegatingConstructorAccessorImpl.java:45)
at java.base/java.lang.reflect.Constructor.newInstanceWithCaller(Constructor.java:499)
at java.base/java.lang.reflect.Constructor.newInstance(Constructor.java:480)
at org.openqa.selenium.remote.W3CHandshakeResponse.lambda$new$0(W3CHandshakeResponse.java:57)
at org.openqa.selenium.remote.W3CHandshakeResponse.lambda$getResponseFunction$2(W3CHandshakeResponse.java:104)
at org.openqa.selenium.remote.ProtocolHandshake.lambda$createSession$0(ProtocolHandshake.java:123)
at java.base/java.util.stream.ReferencePipeline$3$1.accept(ReferencePipeline.java:197)
at java.base/java.util.Spliterators$ArraySpliterator.tryAdvance(Spliterators.java:958)
at java.base/java.util.stream.ReferencePipeline.forEachWithCancel(ReferencePipeline.java:129)
at java.base/java.util.stream.AbstractPipeline.copyIntoWithCancel(AbstractPipeline.java:502)
at java.base/java.util.stream.AbstractPipeline.copyInto(AbstractPipeline.java:488)
at java.base/java.util.stream.AbstractPipeline.wrapAndCopyInto(AbstractPipeline.java:474)
at java.base/java.util.stream.FindOps$FindOp.evaluateSequential(FindOps.java:150)
at java.base/java.util.stream.AbstractPipeline.evaluate(AbstractPipeline.java:234)
at java.base/java.util.stream.ReferencePipeline.findFirst(ReferencePipeline.java:647)
at org.openqa.selenium.remote.ProtocolHandshake.createSession(ProtocolHandshake.java:126)
at org.openqa.selenium.remote.ProtocolHandshake.createSession(ProtocolHandshake.java:73)
at org.openqa.selenium.remote.HttpCommandExecutor.execute(HttpCommandExecutor.java:136)
at org.openqa.selenium.remote.service.DriverCommandExecutor.execute(DriverCommandExecutor.java:83)
at org.openqa.selenium.remote.RemoteWebDriver.execute(RemoteWebDriver.java:548)
at org.openqa.selenium.remote.RemoteWebDriver.startSession(RemoteWebDriver.java:212)
at org.openqa.selenium.remote.RemoteWebDriver.<init>(RemoteWebDriver.java:130)
at org.openqa.selenium.chrome.ChromeDriver.<init>(ChromeDriver.java:181)
at org.openqa.selenium.chrome.ChromeDriver.<init>(ChromeDriver.java:168)
at org.openqa.selenium.chrome.ChromeDriver.<init>(ChromeDriver.java:123)
at First_Automation_Project.Before(First_Automation_Project.java:23)
at java.base/jdk.internal.reflect.NativeMethodAccessorImpl.invoke0(Native Method)
at java.base/jdk.internal.reflect.NativeMethodAccessorImpl.invoke(NativeMethodAccessorImpl.java:78)
at java.base/jdk.internal.reflect.DelegatingMethodAccessorImpl.invoke(DelegatingMethodAccessorImpl.java:43)
at java.base/java.lang.reflect.Method.invoke(Method.java:567)
at org.testng.internal.MethodInvocationHelper.invokeMethod(MethodInvocationHelper.java:124)
at org.testng.internal.MethodInvocationHelper.invokeMethodConsideringTimeout(MethodInvocationHelper.java:59)
at org.testng.internal.Invoker.invokeConfigurationMethod(Invoker.java:458)
at org.testng.internal.Invoker.invokeConfigurations(Invoker.java:222)
at org.testng.internal.Invoker.invokeConfigurations(Invoker.java:142)
at org.testng.TestRunner.beforeRun(TestRunner.java:529)
at org.testng.TestRunner.run(TestRunner.java:497)
at org.testng.SuiteRunner.runTest(SuiteRunner.java:455)
at org.testng.SuiteRunner.runSequentially(SuiteRunner.java:450)
at org.testng.SuiteRunner.privateRun(SuiteRunner.java:415)
at org.testng.SuiteRunner.run(SuiteRunner.java:364)
at org.testng.SuiteRunnerWorker.runSuite(SuiteRunnerWorker.java:52)
at org.testng.SuiteRunnerWorker.run(SuiteRunnerWorker.java:84)
at org.testng.TestNG.runSuitesSequentially(TestNG.java:1208)
at org.testng.TestNG.runSuitesLocally(TestNG.java:1137)
at org.testng.TestNG.runSuites(TestNG.java:1049)
at org.testng.TestNG.run(TestNG.java:1017)
at org.testng.remote.AbstractRemoteTestNG.run(AbstractRemoteTestNG.java:115)
at org.testng.remote.RemoteTestNG.initAndRun(RemoteTestNG.java:251)
at org.testng.remote.RemoteTestNG.main(RemoteTestNG.java:77)
]]>
    </error>
  </testcase> <!-- Before -->
</testsuite> <!-- First_Automation_Project -->
